{"C:\\Users\\neelj\\OneDrive\\Desktop\\GitHub\\LEUF\\backend\\pricingModule.js": {"path":"C:\\Users\\neelj\\OneDrive\\Desktop\\GitHub\\LEUF\\backend\\pricingModule.js","statementMap":{"0":{"start":{"line":3,"column":8},"end":{"line":22,"column":9}},"1":{"start":{"line":4,"column":42},"end":{"line":4,"column":46}},"2":{"start":{"line":5,"column":35},"end":{"line":5,"column":61}},"3":{"start":{"line":6,"column":38},"end":{"line":6,"column":65}},"4":{"start":{"line":7,"column":34},"end":{"line":7,"column":71}},"5":{"start":{"line":8,"column":40},"end":{"line":8,"column":44}},"6":{"start":{"line":10,"column":27},"end":{"line":10,"column":125}},"7":{"start":{"line":12,"column":44},"end":{"line":12,"column":74}},"8":{"start":{"line":14,"column":31},"end":{"line":14,"column":73}},"9":{"start":{"line":16,"column":12},"end":{"line":16,"column":59}},"10":{"start":{"line":20,"column":12},"end":{"line":20,"column":64}},"11":{"start":{"line":21,"column":12},"end":{"line":21,"column":62}},"12":{"start":{"line":26,"column":0},"end":{"line":26,"column":30}}},"fnMap":{"0":{"name":"(anonymous_0)","decl":{"start":{"line":2,"column":4},"end":{"line":2,"column":5}},"loc":{"start":{"line":2,"column":77},"end":{"line":23,"column":5}},"line":2}},"branchMap":{"0":{"loc":{"start":{"line":5,"column":35},"end":{"line":5,"column":61}},"type":"cond-expr","locations":[{"start":{"line":5,"column":50},"end":{"line":5,"column":54}},{"start":{"line":5,"column":57},"end":{"line":5,"column":61}}],"line":5},"1":{"loc":{"start":{"line":6,"column":38},"end":{"line":6,"column":65}},"type":"cond-expr","locations":[{"start":{"line":6,"column":57},"end":{"line":6,"column":61}},{"start":{"line":6,"column":64},"end":{"line":6,"column":65}}],"line":6},"2":{"loc":{"start":{"line":7,"column":34},"end":{"line":7,"column":71}},"type":"cond-expr","locations":[{"start":{"line":7,"column":60},"end":{"line":7,"column":64}},{"start":{"line":7,"column":67},"end":{"line":7,"column":71}}],"line":7}},"s":{"0":8,"1":8,"2":8,"3":8,"4":8,"5":8,"6":8,"7":8,"8":8,"9":8,"10":0,"11":0,"12":1},"f":{"0":8},"b":{"0":[4,4],"1":[4,4],"2":[4,4]},"_coverageSchema":"1a1c01bbd47fc00a2c39e90264f33305004495a9","hash":"68d4b7759854cbe58cb54736e3d79d8e4365428e"}
,"C:\\Users\\neelj\\OneDrive\\Desktop\\GitHub\\LEUF\\backend\\routes.js": {"path":"C:\\Users\\neelj\\OneDrive\\Desktop\\GitHub\\LEUF\\backend\\routes.js","statementMap":{"0":{"start":{"line":1,"column":15},"end":{"line":1,"column":42}},"1":{"start":{"line":2,"column":24},"end":{"line":2,"column":64}},"2":{"start":{"line":3,"column":26},"end":{"line":3,"column":68}},"3":{"start":{"line":4,"column":28},"end":{"line":4,"column":72}},"4":{"start":{"line":5,"column":13},"end":{"line":5,"column":50}},"5":{"start":{"line":7,"column":0},"end":{"line":7,"column":44}},"6":{"start":{"line":8,"column":0},"end":{"line":8,"column":50}},"7":{"start":{"line":9,"column":0},"end":{"line":9,"column":46}},"8":{"start":{"line":11,"column":0},"end":{"line":11,"column":55}},"9":{"start":{"line":12,"column":0},"end":{"line":12,"column":59}},"10":{"start":{"line":14,"column":0},"end":{"line":14,"column":54}},"11":{"start":{"line":15,"column":0},"end":{"line":15,"column":64}},"12":{"start":{"line":17,"column":0},"end":{"line":17,"column":23}}},"fnMap":{},"branchMap":{},"s":{"0":1,"1":1,"2":1,"3":1,"4":1,"5":1,"6":1,"7":1,"8":1,"9":1,"10":1,"11":1,"12":1},"f":{},"b":{},"_coverageSchema":"1a1c01bbd47fc00a2c39e90264f33305004495a9","hash":"8b214520474af10745751cb8fbaaabd187239974"}
,"C:\\Users\\neelj\\OneDrive\\Desktop\\GitHub\\LEUF\\backend\\api\\index.js": {"path":"C:\\Users\\neelj\\OneDrive\\Desktop\\GitHub\\LEUF\\backend\\api\\index.js","statementMap":{"0":{"start":{"line":1,"column":16},"end":{"line":1,"column":34}},"1":{"start":{"line":2,"column":13},"end":{"line":2,"column":28}},"2":{"start":{"line":3,"column":12},"end":{"line":3,"column":21}},"3":{"start":{"line":4,"column":16},"end":{"line":4,"column":39}},"4":{"start":{"line":6,"column":17},"end":{"line":6,"column":36}},"5":{"start":{"line":7,"column":0},"end":{"line":7,"column":24}},"6":{"start":{"line":9,"column":0},"end":{"line":9,"column":23}},"7":{"start":{"line":10,"column":0},"end":{"line":10,"column":15}},"8":{"start":{"line":11,"column":13},"end":{"line":11,"column":37}},"9":{"start":{"line":13,"column":0},"end":{"line":15,"column":2}},"10":{"start":{"line":14,"column":2},"end":{"line":14,"column":19}},"11":{"start":{"line":29,"column":0},"end":{"line":31,"column":33}},"12":{"start":{"line":30,"column":14},"end":{"line":30,"column":41}},"13":{"start":{"line":31,"column":16},"end":{"line":31,"column":32}},"14":{"start":{"line":33,"column":0},"end":{"line":33,"column":16}},"15":{"start":{"line":35,"column":0},"end":{"line":37,"column":2}},"16":{"start":{"line":36,"column":2},"end":{"line":36,"column":54}}},"fnMap":{"0":{"name":"(anonymous_0)","decl":{"start":{"line":13,"column":13},"end":{"line":13,"column":14}},"loc":{"start":{"line":13,"column":27},"end":{"line":15,"column":1}},"line":13},"1":{"name":"(anonymous_1)","decl":{"start":{"line":30,"column":8},"end":{"line":30,"column":9}},"loc":{"start":{"line":30,"column":14},"end":{"line":30,"column":41}},"line":30},"2":{"name":"(anonymous_2)","decl":{"start":{"line":31,"column":9},"end":{"line":31,"column":10}},"loc":{"start":{"line":31,"column":16},"end":{"line":31,"column":32}},"line":31},"3":{"name":"(anonymous_3)","decl":{"start":{"line":35,"column":17},"end":{"line":35,"column":18}},"loc":{"start":{"line":35,"column":23},"end":{"line":37,"column":1}},"line":35}},"branchMap":{"0":{"loc":{"start":{"line":11,"column":13},"end":{"line":11,"column":37}},"type":"binary-expr","locations":[{"start":{"line":11,"column":13},"end":{"line":11,"column":17}},{"start":{"line":11,"column":21},"end":{"line":11,"column":37}}],"line":11}},"s":{"0":1,"1":1,"2":1,"3":1,"4":1,"5":1,"6":1,"7":1,"8":1,"9":1,"10":0,"11":1,"12":0,"13":0,"14":1,"15":1,"16":1},"f":{"0":0,"1":0,"2":0,"3":1},"b":{"0":[1,0]},"_coverageSchema":"1a1c01bbd47fc00a2c39e90264f33305004495a9","hash":"52e5b40491e2e0d977a38acddbff007155b76787"}
,"C:\\Users\\neelj\\OneDrive\\Desktop\\GitHub\\LEUF\\backend\\controllers\\fuelQuoteController.js": {"path":"C:\\Users\\neelj\\OneDrive\\Desktop\\GitHub\\LEUF\\backend\\controllers\\fuelQuoteController.js","statementMap":{"0":{"start":{"line":1,"column":22},"end":{"line":1,"column":52}},"1":{"start":{"line":2,"column":27},"end":{"line":2,"column":60}},"2":{"start":{"line":3,"column":22},"end":{"line":3,"column":55}},"3":{"start":{"line":7,"column":8},"end":{"line":51,"column":9}},"4":{"start":{"line":8,"column":42},"end":{"line":8,"column":50}},"5":{"start":{"line":9,"column":70},"end":{"line":9,"column":79}},"6":{"start":{"line":11,"column":12},"end":{"line":13,"column":13}},"7":{"start":{"line":12,"column":16},"end":{"line":12,"column":95}},"8":{"start":{"line":15,"column":25},"end":{"line":15,"column":67}},"9":{"start":{"line":16,"column":29},"end":{"line":16,"column":68}},"10":{"start":{"line":18,"column":34},"end":{"line":18,"column":145}},"11":{"start":{"line":19,"column":35},"end":{"line":19,"column":72}},"12":{"start":{"line":20,"column":35},"end":{"line":20,"column":59}},"13":{"start":{"line":22,"column":26},"end":{"line":28,"column":14}},"14":{"start":{"line":32,"column":12},"end":{"line":44,"column":32}},"15":{"start":{"line":46,"column":12},"end":{"line":46,"column":89}},"16":{"start":{"line":49,"column":12},"end":{"line":49,"column":61}},"17":{"start":{"line":50,"column":12},"end":{"line":50,"column":83}},"18":{"start":{"line":55,"column":8},"end":{"line":65,"column":9}},"19":{"start":{"line":57,"column":25},"end":{"line":57,"column":78}},"20":{"start":{"line":58,"column":32},"end":{"line":58,"column":74}},"21":{"start":{"line":61,"column":12},"end":{"line":61,"column":36}},"22":{"start":{"line":62,"column":12},"end":{"line":62,"column":87}},"23":{"start":{"line":64,"column":12},"end":{"line":64,"column":61}},"24":{"start":{"line":69,"column":0},"end":{"line":69,"column":31}}},"fnMap":{"0":{"name":"(anonymous_0)","decl":{"start":{"line":6,"column":4},"end":{"line":6,"column":5}},"loc":{"start":{"line":6,"column":36},"end":{"line":52,"column":5}},"line":6},"1":{"name":"(anonymous_1)","decl":{"start":{"line":54,"column":4},"end":{"line":54,"column":5}},"loc":{"start":{"line":54,"column":38},"end":{"line":66,"column":5}},"line":54}},"branchMap":{"0":{"loc":{"start":{"line":11,"column":12},"end":{"line":13,"column":13}},"type":"if","locations":[{"start":{"line":11,"column":12},"end":{"line":13,"column":13}},{"start":{},"end":{}}],"line":11},"1":{"loc":{"start":{"line":11,"column":16},"end":{"line":11,"column":64}},"type":"binary-expr","locations":[{"start":{"line":11,"column":16},"end":{"line":11,"column":39}},{"start":{"line":11,"column":43},"end":{"line":11,"column":64}}],"line":11}},"s":{"0":1,"1":1,"2":1,"3":2,"4":2,"5":2,"6":2,"7":1,"8":1,"9":1,"10":1,"11":1,"12":1,"13":1,"14":1,"15":0,"16":1,"17":1,"18":2,"19":2,"20":1,"21":1,"22":1,"23":1,"24":1},"f":{"0":2,"1":2},"b":{"0":[1,1],"1":[2,2]},"_coverageSchema":"1a1c01bbd47fc00a2c39e90264f33305004495a9","hash":"a1847d0c1d9859d6929c6e260f833a4ecbfca706"}
,"C:\\Users\\neelj\\OneDrive\\Desktop\\GitHub\\LEUF\\backend\\controllers\\loginController.js": {"path":"C:\\Users\\neelj\\OneDrive\\Desktop\\GitHub\\LEUF\\backend\\controllers\\loginController.js","statementMap":{"0":{"start":{"line":1,"column":15},"end":{"line":1,"column":34}},"1":{"start":{"line":2,"column":12},"end":{"line":2,"column":35}},"2":{"start":{"line":3,"column":17},"end":{"line":3,"column":36}},"3":{"start":{"line":4,"column":17},"end":{"line":4,"column":50}},"4":{"start":{"line":5,"column":0},"end":{"line":5,"column":24}},"5":{"start":{"line":9,"column":8},"end":{"line":58,"column":9}},"6":{"start":{"line":10,"column":29},"end":{"line":10,"column":46}},"7":{"start":{"line":11,"column":29},"end":{"line":11,"column":46}},"8":{"start":{"line":13,"column":12},"end":{"line":15,"column":13}},"9":{"start":{"line":14,"column":16},"end":{"line":14,"column":94}},"10":{"start":{"line":18,"column":12},"end":{"line":20,"column":13}},"11":{"start":{"line":19,"column":16},"end":{"line":19,"column":74}},"12":{"start":{"line":21,"column":12},"end":{"line":23,"column":13}},"13":{"start":{"line":22,"column":16},"end":{"line":22,"column":74}},"14":{"start":{"line":26,"column":25},"end":{"line":26,"column":57}},"15":{"start":{"line":27,"column":12},"end":{"line":29,"column":13}},"16":{"start":{"line":28,"column":16},"end":{"line":28,"column":79}},"17":{"start":{"line":31,"column":12},"end":{"line":51,"column":13}},"18":{"start":{"line":32,"column":30},"end":{"line":34,"column":18}},"19":{"start":{"line":36,"column":16},"end":{"line":39,"column":18}},"20":{"start":{"line":41,"column":16},"end":{"line":47,"column":18}},"21":{"start":{"line":50,"column":16},"end":{"line":50,"column":96}},"22":{"start":{"line":56,"column":12},"end":{"line":56,"column":53}},"23":{"start":{"line":57,"column":12},"end":{"line":57,"column":77}},"24":{"start":{"line":62,"column":8},"end":{"line":98,"column":9}},"25":{"start":{"line":63,"column":29},"end":{"line":63,"column":46}},"26":{"start":{"line":64,"column":29},"end":{"line":64,"column":46}},"27":{"start":{"line":66,"column":12},"end":{"line":68,"column":13}},"28":{"start":{"line":67,"column":16},"end":{"line":67,"column":94}},"29":{"start":{"line":71,"column":12},"end":{"line":73,"column":13}},"30":{"start":{"line":72,"column":16},"end":{"line":72,"column":74}},"31":{"start":{"line":74,"column":12},"end":{"line":76,"column":13}},"32":{"start":{"line":75,"column":16},"end":{"line":75,"column":74}},"33":{"start":{"line":79,"column":25},"end":{"line":79,"column":67}},"34":{"start":{"line":80,"column":12},"end":{"line":82,"column":13}},"35":{"start":{"line":81,"column":16},"end":{"line":81,"column":79}},"36":{"start":{"line":83,"column":29},"end":{"line":83,"column":60}},"37":{"start":{"line":85,"column":28},"end":{"line":88,"column":14}},"38":{"start":{"line":90,"column":26},"end":{"line":92,"column":14}},"39":{"start":{"line":94,"column":12},"end":{"line":94,"column":80}},"40":{"start":{"line":97,"column":12},"end":{"line":97,"column":63}},"41":{"start":{"line":103,"column":8},"end":{"line":103,"column":32}},"42":{"start":{"line":104,"column":8},"end":{"line":104,"column":69}},"43":{"start":{"line":108,"column":0},"end":{"line":108,"column":32}}},"fnMap":{"0":{"name":"(anonymous_0)","decl":{"start":{"line":8,"column":4},"end":{"line":8,"column":5}},"loc":{"start":{"line":8,"column":33},"end":{"line":59,"column":5}},"line":8},"1":{"name":"(anonymous_1)","decl":{"start":{"line":61,"column":4},"end":{"line":61,"column":5}},"loc":{"start":{"line":61,"column":36},"end":{"line":99,"column":5}},"line":61},"2":{"name":"(anonymous_2)","decl":{"start":{"line":101,"column":4},"end":{"line":101,"column":5}},"loc":{"start":{"line":101,"column":34},"end":{"line":105,"column":5}},"line":101}},"branchMap":{"0":{"loc":{"start":{"line":13,"column":12},"end":{"line":15,"column":13}},"type":"if","locations":[{"start":{"line":13,"column":12},"end":{"line":15,"column":13}},{"start":{},"end":{}}],"line":13},"1":{"loc":{"start":{"line":13,"column":16},"end":{"line":13,"column":38}},"type":"binary-expr","locations":[{"start":{"line":13,"column":16},"end":{"line":13,"column":25}},{"start":{"line":13,"column":29},"end":{"line":13,"column":38}}],"line":13},"2":{"loc":{"start":{"line":18,"column":12},"end":{"line":20,"column":13}},"type":"if","locations":[{"start":{"line":18,"column":12},"end":{"line":20,"column":13}},{"start":{},"end":{}}],"line":18},"3":{"loc":{"start":{"line":18,"column":16},"end":{"line":18,"column":59}},"type":"binary-expr","locations":[{"start":{"line":18,"column":16},"end":{"line":18,"column":35}},{"start":{"line":18,"column":39},"end":{"line":18,"column":59}}],"line":18},"4":{"loc":{"start":{"line":21,"column":12},"end":{"line":23,"column":13}},"type":"if","locations":[{"start":{"line":21,"column":12},"end":{"line":23,"column":13}},{"start":{},"end":{}}],"line":21},"5":{"loc":{"start":{"line":21,"column":16},"end":{"line":21,"column":59}},"type":"binary-expr","locations":[{"start":{"line":21,"column":16},"end":{"line":21,"column":35}},{"start":{"line":21,"column":39},"end":{"line":21,"column":59}}],"line":21},"6":{"loc":{"start":{"line":27,"column":12},"end":{"line":29,"column":13}},"type":"if","locations":[{"start":{"line":27,"column":12},"end":{"line":29,"column":13}},{"start":{},"end":{}}],"line":27},"7":{"loc":{"start":{"line":31,"column":12},"end":{"line":51,"column":13}},"type":"if","locations":[{"start":{"line":31,"column":12},"end":{"line":51,"column":13}},{"start":{"line":49,"column":16},"end":{"line":51,"column":13}}],"line":31},"8":{"loc":{"start":{"line":66,"column":12},"end":{"line":68,"column":13}},"type":"if","locations":[{"start":{"line":66,"column":12},"end":{"line":68,"column":13}},{"start":{},"end":{}}],"line":66},"9":{"loc":{"start":{"line":66,"column":16},"end":{"line":66,"column":38}},"type":"binary-expr","locations":[{"start":{"line":66,"column":16},"end":{"line":66,"column":25}},{"start":{"line":66,"column":29},"end":{"line":66,"column":38}}],"line":66},"10":{"loc":{"start":{"line":71,"column":12},"end":{"line":73,"column":13}},"type":"if","locations":[{"start":{"line":71,"column":12},"end":{"line":73,"column":13}},{"start":{},"end":{}}],"line":71},"11":{"loc":{"start":{"line":71,"column":16},"end":{"line":71,"column":59}},"type":"binary-expr","locations":[{"start":{"line":71,"column":16},"end":{"line":71,"column":35}},{"start":{"line":71,"column":39},"end":{"line":71,"column":59}}],"line":71},"12":{"loc":{"start":{"line":74,"column":12},"end":{"line":76,"column":13}},"type":"if","locations":[{"start":{"line":74,"column":12},"end":{"line":76,"column":13}},{"start":{},"end":{}}],"line":74},"13":{"loc":{"start":{"line":74,"column":16},"end":{"line":74,"column":59}},"type":"binary-expr","locations":[{"start":{"line":74,"column":16},"end":{"line":74,"column":35}},{"start":{"line":74,"column":39},"end":{"line":74,"column":59}}],"line":74},"14":{"loc":{"start":{"line":80,"column":12},"end":{"line":82,"column":13}},"type":"if","locations":[{"start":{"line":80,"column":12},"end":{"line":82,"column":13}},{"start":{},"end":{}}],"line":80}},"s":{"0":1,"1":1,"2":1,"3":1,"4":1,"5":10,"6":10,"7":10,"8":10,"9":1,"10":9,"11":3,"12":6,"13":3,"14":3,"15":3,"16":1,"17":2,"18":1,"19":1,"20":0,"21":1,"22":1,"23":1,"24":7,"25":7,"26":7,"27":7,"28":1,"29":6,"30":2,"31":4,"32":2,"33":2,"34":2,"35":1,"36":1,"37":1,"38":1,"39":1,"40":0,"41":1,"42":1,"43":1},"f":{"0":10,"1":7,"2":1},"b":{"0":[1,9],"1":[10,9],"2":[3,6],"3":[9,7],"4":[3,3],"5":[6,4],"6":[1,2],"7":[1,1],"8":[1,6],"9":[7,6],"10":[2,4],"11":[6,5],"12":[2,2],"13":[4,3],"14":[1,1]},"_coverageSchema":"1a1c01bbd47fc00a2c39e90264f33305004495a9","hash":"6c7f16fb1156413383b8b8cc8f2ac10de663948f"}
,"C:\\Users\\neelj\\OneDrive\\Desktop\\GitHub\\LEUF\\backend\\controllers\\profileController.js": {"path":"C:\\Users\\neelj\\OneDrive\\Desktop\\GitHub\\LEUF\\backend\\controllers\\profileController.js","statementMap":{"0":{"start":{"line":1,"column":27},"end":{"line":1,"column":60}},"1":{"start":{"line":5,"column":8},"end":{"line":40,"column":9}},"2":{"start":{"line":6,"column":39},"end":{"line":6,"column":47}},"3":{"start":{"line":7,"column":71},"end":{"line":7,"column":75}},"4":{"start":{"line":10,"column":12},"end":{"line":12,"column":13}},"5":{"start":{"line":11,"column":16},"end":{"line":11,"column":70}},"6":{"start":{"line":13,"column":12},"end":{"line":15,"column":13}},"7":{"start":{"line":14,"column":16},"end":{"line":14,"column":75}},"8":{"start":{"line":16,"column":12},"end":{"line":18,"column":13}},"9":{"start":{"line":17,"column":16},"end":{"line":17,"column":75}},"10":{"start":{"line":19,"column":12},"end":{"line":21,"column":13}},"11":{"start":{"line":20,"column":16},"end":{"line":20,"column":70}},"12":{"start":{"line":22,"column":12},"end":{"line":24,"column":13}},"13":{"start":{"line":23,"column":16},"end":{"line":23,"column":76}},"14":{"start":{"line":25,"column":12},"end":{"line":27,"column":13}},"15":{"start":{"line":26,"column":16},"end":{"line":26,"column":73}},"16":{"start":{"line":30,"column":25},"end":{"line":30,"column":67}},"17":{"start":{"line":31,"column":12},"end":{"line":33,"column":13}},"18":{"start":{"line":32,"column":16},"end":{"line":32,"column":72}},"19":{"start":{"line":35,"column":12},"end":{"line":35,"column":89}},"20":{"start":{"line":36,"column":12},"end":{"line":36,"column":81}},"21":{"start":{"line":39,"column":12},"end":{"line":39,"column":56}},"22":{"start":{"line":44,"column":8},"end":{"line":55,"column":9}},"23":{"start":{"line":45,"column":25},"end":{"line":45,"column":78}},"24":{"start":{"line":46,"column":29},"end":{"line":46,"column":70}},"25":{"start":{"line":48,"column":12},"end":{"line":50,"column":13}},"26":{"start":{"line":49,"column":16},"end":{"line":49,"column":77}},"27":{"start":{"line":52,"column":12},"end":{"line":52,"column":76}},"28":{"start":{"line":54,"column":12},"end":{"line":54,"column":61}},"29":{"start":{"line":59,"column":0},"end":{"line":59,"column":34}}},"fnMap":{"0":{"name":"(anonymous_0)","decl":{"start":{"line":4,"column":4},"end":{"line":4,"column":5}},"loc":{"start":{"line":4,"column":41},"end":{"line":41,"column":5}},"line":4},"1":{"name":"(anonymous_1)","decl":{"start":{"line":43,"column":4},"end":{"line":43,"column":5}},"loc":{"start":{"line":43,"column":38},"end":{"line":56,"column":5}},"line":43}},"branchMap":{"0":{"loc":{"start":{"line":10,"column":12},"end":{"line":12,"column":13}},"type":"if","locations":[{"start":{"line":10,"column":12},"end":{"line":12,"column":13}},{"start":{},"end":{}}],"line":10},"1":{"loc":{"start":{"line":10,"column":16},"end":{"line":10,"column":62}},"type":"binary-expr","locations":[{"start":{"line":10,"column":16},"end":{"line":10,"column":28}},{"start":{"line":10,"column":32},"end":{"line":10,"column":42}},{"start":{"line":10,"column":46},"end":{"line":10,"column":62}}],"line":10},"2":{"loc":{"start":{"line":13,"column":12},"end":{"line":15,"column":13}},"type":"if","locations":[{"start":{"line":13,"column":12},"end":{"line":15,"column":13}},{"start":{},"end":{}}],"line":13},"3":{"loc":{"start":{"line":13,"column":16},"end":{"line":13,"column":55}},"type":"binary-expr","locations":[{"start":{"line":13,"column":16},"end":{"line":13,"column":30}},{"start":{"line":13,"column":34},"end":{"line":13,"column":55}}],"line":13},"4":{"loc":{"start":{"line":16,"column":12},"end":{"line":18,"column":13}},"type":"if","locations":[{"start":{"line":16,"column":12},"end":{"line":18,"column":13}},{"start":{},"end":{}}],"line":16},"5":{"loc":{"start":{"line":19,"column":12},"end":{"line":21,"column":13}},"type":"if","locations":[{"start":{"line":19,"column":12},"end":{"line":21,"column":13}},{"start":{},"end":{}}],"line":19},"6":{"loc":{"start":{"line":19,"column":16},"end":{"line":19,"column":47}},"type":"binary-expr","locations":[{"start":{"line":19,"column":16},"end":{"line":19,"column":26}},{"start":{"line":19,"column":30},"end":{"line":19,"column":47}}],"line":19},"7":{"loc":{"start":{"line":22,"column":12},"end":{"line":24,"column":13}},"type":"if","locations":[{"start":{"line":22,"column":12},"end":{"line":24,"column":13}},{"start":{},"end":{}}],"line":22},"8":{"loc":{"start":{"line":22,"column":16},"end":{"line":22,"column":48}},"type":"binary-expr","locations":[{"start":{"line":22,"column":16},"end":{"line":22,"column":27}},{"start":{"line":22,"column":31},"end":{"line":22,"column":48}}],"line":22},"9":{"loc":{"start":{"line":25,"column":12},"end":{"line":27,"column":13}},"type":"if","locations":[{"start":{"line":25,"column":12},"end":{"line":27,"column":13}},{"start":{},"end":{}}],"line":25},"10":{"loc":{"start":{"line":25,"column":16},"end":{"line":25,"column":91}},"type":"binary-expr","locations":[{"start":{"line":25,"column":16},"end":{"line":25,"column":34}},{"start":{"line":25,"column":38},"end":{"line":25,"column":56}},{"start":{"line":25,"column":60},"end":{"line":25,"column":74}},{"start":{"line":25,"column":78},"end":{"line":25,"column":91}}],"line":25},"11":{"loc":{"start":{"line":31,"column":12},"end":{"line":33,"column":13}},"type":"if","locations":[{"start":{"line":31,"column":12},"end":{"line":33,"column":13}},{"start":{},"end":{}}],"line":31},"12":{"loc":{"start":{"line":48,"column":12},"end":{"line":50,"column":13}},"type":"if","locations":[{"start":{"line":48,"column":12},"end":{"line":50,"column":13}},{"start":{},"end":{}}],"line":48}},"s":{"0":1,"1":7,"2":7,"3":7,"4":0,"5":0,"6":0,"7":0,"8":0,"9":0,"10":0,"11":0,"12":0,"13":0,"14":0,"15":0,"16":0,"17":0,"18":0,"19":0,"20":0,"21":7,"22":0,"23":0,"24":0,"25":0,"26":0,"27":0,"28":0,"29":1},"f":{"0":7,"1":0},"b":{"0":[0,0],"1":[0,0,0],"2":[0,0],"3":[0,0],"4":[0,0],"5":[0,0],"6":[0,0],"7":[0,0],"8":[0,0],"9":[0,0],"10":[0,0,0,0],"11":[0,0],"12":[0,0]},"_coverageSchema":"1a1c01bbd47fc00a2c39e90264f33305004495a9","hash":"2b0f8f66539c1a524346e72b7adb8283f06f5a3e"}
,"C:\\Users\\neelj\\OneDrive\\Desktop\\GitHub\\LEUF\\backend\\middleware\\authToken.jsx": {"path":"C:\\Users\\neelj\\OneDrive\\Desktop\\GitHub\\LEUF\\backend\\middleware\\authToken.jsx","statementMap":{"0":{"start":{"line":1,"column":12},"end":{"line":1,"column":35}},"1":{"start":{"line":2,"column":0},"end":{"line":2,"column":24}},"2":{"start":{"line":5,"column":4},"end":{"line":22,"column":5}},"3":{"start":{"line":6,"column":22},"end":{"line":6,"column":39}},"4":{"start":{"line":7,"column":8},"end":{"line":7,"column":26}},"5":{"start":{"line":9,"column":8},"end":{"line":11,"column":9}},"6":{"start":{"line":10,"column":12},"end":{"line":10,"column":89}},"7":{"start":{"line":13,"column":29},"end":{"line":13,"column":69}},"8":{"start":{"line":15,"column":8},"end":{"line":15,"column":31}},"9":{"start":{"line":17,"column":8},"end":{"line":17,"column":14}},"10":{"start":{"line":20,"column":8},"end":{"line":20,"column":24}},"11":{"start":{"line":21,"column":8},"end":{"line":21,"column":63}},"12":{"start":{"line":25,"column":0},"end":{"line":25,"column":21}}},"fnMap":{"0":{"name":"Auth","decl":{"start":{"line":4,"column":15},"end":{"line":4,"column":19}},"loc":{"start":{"line":4,"column":35},"end":{"line":23,"column":1}},"line":4}},"branchMap":{"0":{"loc":{"start":{"line":9,"column":8},"end":{"line":11,"column":9}},"type":"if","locations":[{"start":{"line":9,"column":8},"end":{"line":11,"column":9}},{"start":{},"end":{}}],"line":9}},"s":{"0":1,"1":1,"2":0,"3":0,"4":0,"5":0,"6":0,"7":0,"8":0,"9":0,"10":0,"11":0,"12":1},"f":{"0":0},"b":{"0":[0,0]},"_coverageSchema":"1a1c01bbd47fc00a2c39e90264f33305004495a9","hash":"07961f26babed4bc536e3bc0ece4ec0da9918e88"}
,"C:\\Users\\neelj\\OneDrive\\Desktop\\GitHub\\LEUF\\backend\\models\\fuelModel.js": {"path":"C:\\Users\\neelj\\OneDrive\\Desktop\\GitHub\\LEUF\\backend\\models\\fuelModel.js","statementMap":{"0":{"start":{"line":1,"column":17},"end":{"line":1,"column":36}},"1":{"start":{"line":3,"column":24},"end":{"line":30,"column":2}},"2":{"start":{"line":32,"column":18},"end":{"line":32,"column":77}},"3":{"start":{"line":34,"column":0},"end":{"line":34,"column":30}}},"fnMap":{},"branchMap":{},"s":{"0":1,"1":1,"2":1,"3":1},"f":{},"b":{},"_coverageSchema":"1a1c01bbd47fc00a2c39e90264f33305004495a9","hash":"c72e9927e39c2a4e3a8fa73d7791df52ce59f9a2"}
,"C:\\Users\\neelj\\OneDrive\\Desktop\\GitHub\\LEUF\\backend\\models\\userModel.js": {"path":"C:\\Users\\neelj\\OneDrive\\Desktop\\GitHub\\LEUF\\backend\\models\\userModel.js","statementMap":{"0":{"start":{"line":1,"column":17},"end":{"line":1,"column":36}},"1":{"start":{"line":3,"column":19},"end":{"line":12,"column":2}},"2":{"start":{"line":14,"column":23},"end":{"line":43,"column":2}},"3":{"start":{"line":45,"column":13},"end":{"line":45,"column":56}},"4":{"start":{"line":46,"column":17},"end":{"line":46,"column":71}},"5":{"start":{"line":48,"column":0},"end":{"line":48,"column":35}}},"fnMap":{},"branchMap":{},"s":{"0":1,"1":1,"2":1,"3":1,"4":1,"5":1},"f":{},"b":{},"_coverageSchema":"1a1c01bbd47fc00a2c39e90264f33305004495a9","hash":"05a5985872bf0a33d9d6e0dacd2fd877cbc0b71e"}
}
