{"C:\\Users\\neelj\\OneDrive\\Desktop\\GitHub\\LEUF\\backend\\pricingModule.js": {"path":"C:\\Users\\neelj\\OneDrive\\Desktop\\GitHub\\LEUF\\backend\\pricingModule.js","statementMap":{"0":{"start":{"line":3,"column":8},"end":{"line":22,"column":9}},"1":{"start":{"line":4,"column":42},"end":{"line":4,"column":46}},"2":{"start":{"line":5,"column":35},"end":{"line":5,"column":61}},"3":{"start":{"line":6,"column":38},"end":{"line":6,"column":65}},"4":{"start":{"line":7,"column":34},"end":{"line":7,"column":71}},"5":{"start":{"line":8,"column":40},"end":{"line":8,"column":44}},"6":{"start":{"line":10,"column":27},"end":{"line":10,"column":125}},"7":{"start":{"line":12,"column":44},"end":{"line":12,"column":74}},"8":{"start":{"line":14,"column":31},"end":{"line":14,"column":73}},"9":{"start":{"line":16,"column":12},"end":{"line":16,"column":30}},"10":{"start":{"line":20,"column":12},"end":{"line":20,"column":64}},"11":{"start":{"line":21,"column":12},"end":{"line":21,"column":62}},"12":{"start":{"line":26,"column":0},"end":{"line":26,"column":30}}},"fnMap":{"0":{"name":"(anonymous_0)","decl":{"start":{"line":2,"column":4},"end":{"line":2,"column":5}},"loc":{"start":{"line":2,"column":77},"end":{"line":23,"column":5}},"line":2}},"branchMap":{"0":{"loc":{"start":{"line":5,"column":35},"end":{"line":5,"column":61}},"type":"cond-expr","locations":[{"start":{"line":5,"column":50},"end":{"line":5,"column":54}},{"start":{"line":5,"column":57},"end":{"line":5,"column":61}}],"line":5},"1":{"loc":{"start":{"line":6,"column":38},"end":{"line":6,"column":65}},"type":"cond-expr","locations":[{"start":{"line":6,"column":57},"end":{"line":6,"column":61}},{"start":{"line":6,"column":64},"end":{"line":6,"column":65}}],"line":6},"2":{"loc":{"start":{"line":7,"column":34},"end":{"line":7,"column":71}},"type":"cond-expr","locations":[{"start":{"line":7,"column":60},"end":{"line":7,"column":64}},{"start":{"line":7,"column":67},"end":{"line":7,"column":71}}],"line":7}},"s":{"0":8,"1":8,"2":8,"3":8,"4":8,"5":8,"6":8,"7":8,"8":8,"9":8,"10":0,"11":0,"12":1},"f":{"0":8},"b":{"0":[4,4],"1":[4,4],"2":[4,4]},"_coverageSchema":"1a1c01bbd47fc00a2c39e90264f33305004495a9","hash":"c1a5a1b7dcba0cc736375934ee5e00d01fae27a8"}
,"C:\\Users\\neelj\\OneDrive\\Desktop\\GitHub\\LEUF\\backend\\routes.js": {"path":"C:\\Users\\neelj\\OneDrive\\Desktop\\GitHub\\LEUF\\backend\\routes.js","statementMap":{"0":{"start":{"line":1,"column":15},"end":{"line":1,"column":42}},"1":{"start":{"line":2,"column":24},"end":{"line":2,"column":64}},"2":{"start":{"line":3,"column":26},"end":{"line":3,"column":68}},"3":{"start":{"line":4,"column":28},"end":{"line":4,"column":72}},"4":{"start":{"line":6,"column":0},"end":{"line":6,"column":44}},"5":{"start":{"line":7,"column":0},"end":{"line":7,"column":50}},"6":{"start":{"line":8,"column":0},"end":{"line":8,"column":46}},"7":{"start":{"line":10,"column":0},"end":{"line":10,"column":55}},"8":{"start":{"line":12,"column":0},"end":{"line":12,"column":54}},"9":{"start":{"line":15,"column":0},"end":{"line":15,"column":23}}},"fnMap":{},"branchMap":{},"s":{"0":1,"1":1,"2":1,"3":1,"4":1,"5":1,"6":1,"7":1,"8":1,"9":1},"f":{},"b":{},"_coverageSchema":"1a1c01bbd47fc00a2c39e90264f33305004495a9","hash":"d54e2a26057acb15e8065551ec2798760bc91f34"}
,"C:\\Users\\neelj\\OneDrive\\Desktop\\GitHub\\LEUF\\backend\\api\\index.js": {"path":"C:\\Users\\neelj\\OneDrive\\Desktop\\GitHub\\LEUF\\backend\\api\\index.js","statementMap":{"0":{"start":{"line":1,"column":16},"end":{"line":1,"column":34}},"1":{"start":{"line":2,"column":13},"end":{"line":2,"column":28}},"2":{"start":{"line":3,"column":12},"end":{"line":3,"column":21}},"3":{"start":{"line":4,"column":13},"end":{"line":4,"column":17}},"4":{"start":{"line":5,"column":16},"end":{"line":5,"column":39}},"5":{"start":{"line":7,"column":0},"end":{"line":7,"column":23}},"6":{"start":{"line":8,"column":0},"end":{"line":8,"column":15}},"7":{"start":{"line":10,"column":0},"end":{"line":12,"column":2}},"8":{"start":{"line":11,"column":2},"end":{"line":11,"column":19}},"9":{"start":{"line":14,"column":0},"end":{"line":14,"column":16}},"10":{"start":{"line":16,"column":0},"end":{"line":18,"column":2}},"11":{"start":{"line":17,"column":2},"end":{"line":17,"column":54}}},"fnMap":{"0":{"name":"(anonymous_0)","decl":{"start":{"line":10,"column":13},"end":{"line":10,"column":14}},"loc":{"start":{"line":10,"column":27},"end":{"line":12,"column":1}},"line":10},"1":{"name":"(anonymous_1)","decl":{"start":{"line":16,"column":17},"end":{"line":16,"column":18}},"loc":{"start":{"line":16,"column":23},"end":{"line":18,"column":1}},"line":16}},"branchMap":{},"s":{"0":1,"1":1,"2":1,"3":1,"4":1,"5":1,"6":1,"7":1,"8":0,"9":1,"10":1,"11":0},"f":{"0":0,"1":0},"b":{},"_coverageSchema":"1a1c01bbd47fc00a2c39e90264f33305004495a9","hash":"8f1c3406a68cf719cc59849a9ebfc40aa5c4ad83"}
,"C:\\Users\\neelj\\OneDrive\\Desktop\\GitHub\\LEUF\\backend\\controllers\\fuelQuoteController.js": {"path":"C:\\Users\\neelj\\OneDrive\\Desktop\\GitHub\\LEUF\\backend\\controllers\\fuelQuoteController.js","statementMap":{"0":{"start":{"line":1,"column":22},"end":{"line":1,"column":52}},"1":{"start":{"line":5,"column":8},"end":{"line":31,"column":9}},"2":{"start":{"line":6,"column":33},"end":{"line":6,"column":68}},"3":{"start":{"line":7,"column":28},"end":{"line":7,"column":62}},"4":{"start":{"line":8,"column":25},"end":{"line":8,"column":56}},"5":{"start":{"line":9,"column":30},"end":{"line":9,"column":63}},"6":{"start":{"line":10,"column":26},"end":{"line":10,"column":59}},"7":{"start":{"line":12,"column":12},"end":{"line":14,"column":13}},"8":{"start":{"line":13,"column":16},"end":{"line":13,"column":95}},"9":{"start":{"line":16,"column":28},"end":{"line":22,"column":13}},"10":{"start":{"line":25,"column":12},"end":{"line":25,"column":32}},"11":{"start":{"line":26,"column":12},"end":{"line":26,"column":89}},"12":{"start":{"line":29,"column":12},"end":{"line":29,"column":61}},"13":{"start":{"line":30,"column":12},"end":{"line":30,"column":83}},"14":{"start":{"line":40,"column":0},"end":{"line":40,"column":31}}},"fnMap":{"0":{"name":"(anonymous_0)","decl":{"start":{"line":4,"column":4},"end":{"line":4,"column":5}},"loc":{"start":{"line":4,"column":36},"end":{"line":32,"column":5}},"line":4},"1":{"name":"(anonymous_1)","decl":{"start":{"line":34,"column":4},"end":{"line":34,"column":5}},"loc":{"start":{"line":34,"column":38},"end":{"line":37,"column":5}},"line":34}},"branchMap":{"0":{"loc":{"start":{"line":12,"column":12},"end":{"line":14,"column":13}},"type":"if","locations":[{"start":{"line":12,"column":12},"end":{"line":14,"column":13}},{"start":{},"end":{}}],"line":12},"1":{"loc":{"start":{"line":12,"column":16},"end":{"line":12,"column":56}},"type":"binary-expr","locations":[{"start":{"line":12,"column":16},"end":{"line":12,"column":35}},{"start":{"line":12,"column":39},"end":{"line":12,"column":56}}],"line":12}},"s":{"0":1,"1":2,"2":2,"3":2,"4":2,"5":2,"6":2,"7":2,"8":1,"9":1,"10":1,"11":1,"12":0,"13":0,"14":1},"f":{"0":2,"1":0},"b":{"0":[1,1],"1":[2,2]},"_coverageSchema":"1a1c01bbd47fc00a2c39e90264f33305004495a9","hash":"07b0e3fd777438c1503018701f1f4e9a58fff065"}
,"C:\\Users\\neelj\\OneDrive\\Desktop\\GitHub\\LEUF\\backend\\controllers\\loginController.js": {"path":"C:\\Users\\neelj\\OneDrive\\Desktop\\GitHub\\LEUF\\backend\\controllers\\loginController.js","statementMap":{"0":{"start":{"line":1,"column":15},"end":{"line":1,"column":34}},"1":{"start":{"line":2,"column":12},"end":{"line":2,"column":35}},"2":{"start":{"line":6,"column":8},"end":{"line":40,"column":9}},"3":{"start":{"line":7,"column":29},"end":{"line":7,"column":46}},"4":{"start":{"line":8,"column":29},"end":{"line":8,"column":46}},"5":{"start":{"line":10,"column":12},"end":{"line":12,"column":13}},"6":{"start":{"line":11,"column":16},"end":{"line":11,"column":94}},"7":{"start":{"line":15,"column":12},"end":{"line":17,"column":13}},"8":{"start":{"line":16,"column":16},"end":{"line":16,"column":74}},"9":{"start":{"line":18,"column":12},"end":{"line":20,"column":13}},"10":{"start":{"line":19,"column":16},"end":{"line":19,"column":74}},"11":{"start":{"line":35,"column":12},"end":{"line":35,"column":72}},"12":{"start":{"line":38,"column":12},"end":{"line":38,"column":53}},"13":{"start":{"line":39,"column":12},"end":{"line":39,"column":77}},"14":{"start":{"line":44,"column":8},"end":{"line":83,"column":9}},"15":{"start":{"line":45,"column":29},"end":{"line":45,"column":46}},"16":{"start":{"line":46,"column":29},"end":{"line":46,"column":46}},"17":{"start":{"line":48,"column":12},"end":{"line":50,"column":13}},"18":{"start":{"line":49,"column":16},"end":{"line":49,"column":94}},"19":{"start":{"line":53,"column":12},"end":{"line":55,"column":13}},"20":{"start":{"line":54,"column":16},"end":{"line":54,"column":74}},"21":{"start":{"line":56,"column":12},"end":{"line":58,"column":13}},"22":{"start":{"line":57,"column":16},"end":{"line":57,"column":74}},"23":{"start":{"line":65,"column":29},"end":{"line":65,"column":60}},"24":{"start":{"line":67,"column":25},"end":{"line":76,"column":13}},"25":{"start":{"line":79,"column":12},"end":{"line":79,"column":73}},"26":{"start":{"line":82,"column":12},"end":{"line":82,"column":63}},"27":{"start":{"line":89,"column":8},"end":{"line":89,"column":69}},"28":{"start":{"line":93,"column":0},"end":{"line":93,"column":32}}},"fnMap":{"0":{"name":"(anonymous_0)","decl":{"start":{"line":5,"column":4},"end":{"line":5,"column":5}},"loc":{"start":{"line":5,"column":33},"end":{"line":41,"column":5}},"line":5},"1":{"name":"(anonymous_1)","decl":{"start":{"line":43,"column":4},"end":{"line":43,"column":5}},"loc":{"start":{"line":43,"column":36},"end":{"line":84,"column":5}},"line":43},"2":{"name":"(anonymous_2)","decl":{"start":{"line":86,"column":4},"end":{"line":86,"column":5}},"loc":{"start":{"line":86,"column":34},"end":{"line":90,"column":5}},"line":86}},"branchMap":{"0":{"loc":{"start":{"line":10,"column":12},"end":{"line":12,"column":13}},"type":"if","locations":[{"start":{"line":10,"column":12},"end":{"line":12,"column":13}},{"start":{},"end":{}}],"line":10},"1":{"loc":{"start":{"line":10,"column":16},"end":{"line":10,"column":38}},"type":"binary-expr","locations":[{"start":{"line":10,"column":16},"end":{"line":10,"column":25}},{"start":{"line":10,"column":29},"end":{"line":10,"column":38}}],"line":10},"2":{"loc":{"start":{"line":15,"column":12},"end":{"line":17,"column":13}},"type":"if","locations":[{"start":{"line":15,"column":12},"end":{"line":17,"column":13}},{"start":{},"end":{}}],"line":15},"3":{"loc":{"start":{"line":15,"column":16},"end":{"line":15,"column":59}},"type":"binary-expr","locations":[{"start":{"line":15,"column":16},"end":{"line":15,"column":35}},{"start":{"line":15,"column":39},"end":{"line":15,"column":59}}],"line":15},"4":{"loc":{"start":{"line":18,"column":12},"end":{"line":20,"column":13}},"type":"if","locations":[{"start":{"line":18,"column":12},"end":{"line":20,"column":13}},{"start":{},"end":{}}],"line":18},"5":{"loc":{"start":{"line":18,"column":16},"end":{"line":18,"column":59}},"type":"binary-expr","locations":[{"start":{"line":18,"column":16},"end":{"line":18,"column":35}},{"start":{"line":18,"column":39},"end":{"line":18,"column":59}}],"line":18},"6":{"loc":{"start":{"line":48,"column":12},"end":{"line":50,"column":13}},"type":"if","locations":[{"start":{"line":48,"column":12},"end":{"line":50,"column":13}},{"start":{},"end":{}}],"line":48},"7":{"loc":{"start":{"line":48,"column":16},"end":{"line":48,"column":38}},"type":"binary-expr","locations":[{"start":{"line":48,"column":16},"end":{"line":48,"column":25}},{"start":{"line":48,"column":29},"end":{"line":48,"column":38}}],"line":48},"8":{"loc":{"start":{"line":53,"column":12},"end":{"line":55,"column":13}},"type":"if","locations":[{"start":{"line":53,"column":12},"end":{"line":55,"column":13}},{"start":{},"end":{}}],"line":53},"9":{"loc":{"start":{"line":53,"column":16},"end":{"line":53,"column":59}},"type":"binary-expr","locations":[{"start":{"line":53,"column":16},"end":{"line":53,"column":35}},{"start":{"line":53,"column":39},"end":{"line":53,"column":59}}],"line":53},"10":{"loc":{"start":{"line":56,"column":12},"end":{"line":58,"column":13}},"type":"if","locations":[{"start":{"line":56,"column":12},"end":{"line":58,"column":13}},{"start":{},"end":{}}],"line":56},"11":{"loc":{"start":{"line":56,"column":16},"end":{"line":56,"column":59}},"type":"binary-expr","locations":[{"start":{"line":56,"column":16},"end":{"line":56,"column":35}},{"start":{"line":56,"column":39},"end":{"line":56,"column":59}}],"line":56}},"s":{"0":1,"1":1,"2":6,"3":6,"4":6,"5":6,"6":1,"7":5,"8":2,"9":3,"10":2,"11":1,"12":0,"13":0,"14":0,"15":0,"16":0,"17":0,"18":0,"19":0,"20":0,"21":0,"22":0,"23":0,"24":0,"25":0,"26":0,"27":0,"28":1},"f":{"0":6,"1":0,"2":0},"b":{"0":[1,5],"1":[6,5],"2":[2,3],"3":[5,3],"4":[2,1],"5":[3,1],"6":[0,0],"7":[0,0],"8":[0,0],"9":[0,0],"10":[0,0],"11":[0,0]},"_coverageSchema":"1a1c01bbd47fc00a2c39e90264f33305004495a9","hash":"2860e3fd3d72a4b6b6589ff2ca2ef5d2b485d91e"}
,"C:\\Users\\neelj\\OneDrive\\Desktop\\GitHub\\LEUF\\backend\\controllers\\profileController.js": {"path":"C:\\Users\\neelj\\OneDrive\\Desktop\\GitHub\\LEUF\\backend\\controllers\\profileController.js","statementMap":{"0":{"start":{"line":3,"column":8},"end":{"line":46,"column":9}},"1":{"start":{"line":4,"column":35},"end":{"line":4,"column":52}},"2":{"start":{"line":5,"column":31},"end":{"line":5,"column":44}},"3":{"start":{"line":6,"column":35},"end":{"line":6,"column":52}},"4":{"start":{"line":7,"column":35},"end":{"line":7,"column":52}},"5":{"start":{"line":8,"column":31},"end":{"line":8,"column":44}},"6":{"start":{"line":9,"column":32},"end":{"line":9,"column":46}},"7":{"start":{"line":10,"column":34},"end":{"line":10,"column":50}},"8":{"start":{"line":13,"column":12},"end":{"line":15,"column":13}},"9":{"start":{"line":14,"column":16},"end":{"line":14,"column":70}},"10":{"start":{"line":16,"column":12},"end":{"line":18,"column":13}},"11":{"start":{"line":17,"column":16},"end":{"line":17,"column":75}},"12":{"start":{"line":19,"column":12},"end":{"line":21,"column":13}},"13":{"start":{"line":20,"column":16},"end":{"line":20,"column":75}},"14":{"start":{"line":22,"column":12},"end":{"line":24,"column":13}},"15":{"start":{"line":23,"column":16},"end":{"line":23,"column":70}},"16":{"start":{"line":25,"column":12},"end":{"line":27,"column":13}},"17":{"start":{"line":26,"column":16},"end":{"line":26,"column":76}},"18":{"start":{"line":28,"column":12},"end":{"line":30,"column":13}},"19":{"start":{"line":29,"column":16},"end":{"line":29,"column":73}},"20":{"start":{"line":32,"column":32},"end":{"line":39,"column":13}},"21":{"start":{"line":41,"column":12},"end":{"line":41,"column":36}},"22":{"start":{"line":42,"column":12},"end":{"line":42,"column":73}},"23":{"start":{"line":45,"column":12},"end":{"line":45,"column":56}},"24":{"start":{"line":50,"column":0},"end":{"line":50,"column":34}}},"fnMap":{"0":{"name":"(anonymous_0)","decl":{"start":{"line":2,"column":4},"end":{"line":2,"column":5}},"loc":{"start":{"line":2,"column":41},"end":{"line":47,"column":5}},"line":2}},"branchMap":{"0":{"loc":{"start":{"line":13,"column":12},"end":{"line":15,"column":13}},"type":"if","locations":[{"start":{"line":13,"column":12},"end":{"line":15,"column":13}},{"start":{},"end":{}}],"line":13},"1":{"loc":{"start":{"line":13,"column":16},"end":{"line":13,"column":80}},"type":"binary-expr","locations":[{"start":{"line":13,"column":16},"end":{"line":13,"column":34}},{"start":{"line":13,"column":38},"end":{"line":13,"column":54}},{"start":{"line":13,"column":58},"end":{"line":13,"column":80}}],"line":13},"2":{"loc":{"start":{"line":16,"column":12},"end":{"line":18,"column":13}},"type":"if","locations":[{"start":{"line":16,"column":12},"end":{"line":18,"column":13}},{"start":{},"end":{}}],"line":16},"3":{"loc":{"start":{"line":16,"column":16},"end":{"line":16,"column":67}},"type":"binary-expr","locations":[{"start":{"line":16,"column":16},"end":{"line":16,"column":36}},{"start":{"line":16,"column":40},"end":{"line":16,"column":67}}],"line":16},"4":{"loc":{"start":{"line":19,"column":12},"end":{"line":21,"column":13}},"type":"if","locations":[{"start":{"line":19,"column":12},"end":{"line":21,"column":13}},{"start":{},"end":{}}],"line":19},"5":{"loc":{"start":{"line":22,"column":12},"end":{"line":24,"column":13}},"type":"if","locations":[{"start":{"line":22,"column":12},"end":{"line":24,"column":13}},{"start":{},"end":{}}],"line":22},"6":{"loc":{"start":{"line":22,"column":16},"end":{"line":22,"column":59}},"type":"binary-expr","locations":[{"start":{"line":22,"column":16},"end":{"line":22,"column":32}},{"start":{"line":22,"column":36},"end":{"line":22,"column":59}}],"line":22},"7":{"loc":{"start":{"line":25,"column":12},"end":{"line":27,"column":13}},"type":"if","locations":[{"start":{"line":25,"column":12},"end":{"line":27,"column":13}},{"start":{},"end":{}}],"line":25},"8":{"loc":{"start":{"line":25,"column":16},"end":{"line":25,"column":60}},"type":"binary-expr","locations":[{"start":{"line":25,"column":16},"end":{"line":25,"column":33}},{"start":{"line":25,"column":37},"end":{"line":25,"column":60}}],"line":25},"9":{"loc":{"start":{"line":28,"column":12},"end":{"line":30,"column":13}},"type":"if","locations":[{"start":{"line":28,"column":12},"end":{"line":30,"column":13}},{"start":{},"end":{}}],"line":28},"10":{"loc":{"start":{"line":28,"column":16},"end":{"line":28,"column":115}},"type":"binary-expr","locations":[{"start":{"line":28,"column":16},"end":{"line":28,"column":40}},{"start":{"line":28,"column":44},"end":{"line":28,"column":68}},{"start":{"line":28,"column":72},"end":{"line":28,"column":92}},{"start":{"line":28,"column":96},"end":{"line":28,"column":115}}],"line":28}},"s":{"0":7,"1":7,"2":7,"3":7,"4":7,"5":7,"6":7,"7":7,"8":7,"9":1,"10":5,"11":2,"12":3,"13":0,"14":3,"15":1,"16":2,"17":1,"18":1,"19":1,"20":0,"21":0,"22":0,"23":1,"24":1},"f":{"0":7},"b":{"0":[1,5],"1":[7,6,6],"2":[2,3],"3":[5,4],"4":[0,3],"5":[1,2],"6":[3,2],"7":[1,1],"8":[2,2],"9":[1,0],"10":[1,1,1,0]},"_coverageSchema":"1a1c01bbd47fc00a2c39e90264f33305004495a9","hash":"1697ceeb9bd4736552f0572360b6c53a60dd4939"}
}
