TN:
SF:pricingModule.js
FN:2,(anonymous_0)
FNF:1
FNH:1
FNDA:7,(anonymous_0)
DA:3,7
DA:4,7
DA:5,7
DA:6,7
DA:7,7
DA:8,7
DA:10,7
DA:12,7
DA:14,7
DA:16,7
DA:20,0
DA:21,0
DA:26,1
LF:13
LH:11
BRDA:5,0,0,4
BRDA:5,0,1,3
BRDA:6,1,0,4
BRDA:6,1,1,3
BRDA:7,2,0,4
BRDA:7,2,1,3
BRF:6
BRH:6
end_of_record
TN:
SF:routes.js
FNF:0
FNH:0
DA:1,1
DA:2,1
DA:3,1
DA:4,1
DA:5,1
DA:7,1
DA:8,1
DA:9,1
DA:11,1
DA:12,1
DA:14,1
DA:15,1
DA:16,1
DA:18,1
LF:14
LH:14
BRF:0
BRH:0
end_of_record
TN:
SF:api\index.js
FN:13,(anonymous_0)
FN:18,(anonymous_1)
FN:19,(anonymous_2)
FN:23,(anonymous_3)
FNF:4
FNH:1
FNDA:0,(anonymous_0)
FNDA:0,(anonymous_1)
FNDA:0,(anonymous_2)
FNDA:1,(anonymous_3)
DA:1,1
DA:2,1
DA:3,1
DA:4,1
DA:6,1
DA:7,1
DA:9,1
DA:10,1
DA:11,1
DA:13,1
DA:14,0
DA:17,1
DA:18,0
DA:19,0
DA:21,1
DA:23,1
DA:24,1
LF:17
LH:14
BRDA:11,0,0,1
BRDA:11,0,1,0
BRF:2
BRH:1
end_of_record
TN:
SF:controllers\fuelQuoteController.js
FN:6,(anonymous_0)
FN:35,(anonymous_1)
FN:83,(anonymous_2)
FNF:3
FNH:3
FNDA:2,(anonymous_0)
FNDA:7,(anonymous_1)
FNDA:2,(anonymous_2)
DA:1,1
DA:2,1
DA:3,1
DA:7,2
DA:8,2
DA:9,0
DA:11,0
DA:12,0
DA:15,0
DA:17,0
DA:18,0
DA:21,0
DA:23,0
DA:24,0
DA:25,0
DA:27,0
DA:30,2
DA:31,2
DA:36,7
DA:37,7
DA:38,7
DA:39,7
DA:41,7
DA:42,2
DA:44,5
DA:45,1
DA:47,4
DA:48,1
DA:50,3
DA:51,1
DA:54,2
DA:56,2
DA:57,1
DA:61,1
DA:75,0
DA:78,1
DA:79,1
DA:84,2
DA:86,2
DA:87,1
DA:89,0
DA:91,2
DA:96,1
LF:43
LH:30
BRDA:11,0,0,0
BRDA:11,0,1,0
BRDA:11,1,0,0
BRDA:11,1,1,0
BRDA:17,2,0,0
BRDA:17,2,1,0
BRDA:41,3,0,2
BRDA:41,3,1,5
BRDA:41,4,0,7
BRDA:41,4,1,6
BRDA:44,5,0,1
BRDA:44,5,1,4
BRDA:47,6,0,1
BRDA:47,6,1,3
BRDA:50,7,0,1
BRDA:50,7,1,2
BRDA:56,8,0,1
BRDA:56,8,1,1
BRF:18
BRH:12
end_of_record
TN:
SF:controllers\loginController.js
FN:8,(anonymous_0)
FN:61,(anonymous_1)
FN:101,(anonymous_2)
FNF:3
FNH:3
FNDA:9,(anonymous_0)
FNDA:7,(anonymous_1)
FNDA:1,(anonymous_2)
DA:1,1
DA:2,1
DA:3,1
DA:4,1
DA:5,1
DA:9,9
DA:10,9
DA:11,9
DA:13,9
DA:14,1
DA:18,8
DA:19,3
DA:21,5
DA:22,3
DA:26,2
DA:27,2
DA:28,1
DA:31,1
DA:32,0
DA:36,0
DA:41,0
DA:50,0
DA:56,1
DA:57,1
DA:62,7
DA:63,7
DA:64,7
DA:66,7
DA:67,1
DA:71,6
DA:72,2
DA:74,4
DA:75,2
DA:79,2
DA:80,2
DA:81,2
DA:83,0
DA:85,0
DA:90,0
DA:94,0
DA:97,0
DA:103,1
DA:104,1
DA:108,1
LF:44
LH:35
BRDA:13,0,0,1
BRDA:13,0,1,8
BRDA:13,1,0,9
BRDA:13,1,1,8
BRDA:18,2,0,3
BRDA:18,2,1,5
BRDA:18,3,0,8
BRDA:18,3,1,6
BRDA:21,4,0,3
BRDA:21,4,1,2
BRDA:21,5,0,5
BRDA:21,5,1,3
BRDA:27,6,0,1
BRDA:27,6,1,1
BRDA:31,7,0,0
BRDA:31,7,1,0
BRDA:66,8,0,1
BRDA:66,8,1,6
BRDA:66,9,0,7
BRDA:66,9,1,6
BRDA:71,10,0,2
BRDA:71,10,1,4
BRDA:71,11,0,6
BRDA:71,11,1,5
BRDA:74,12,0,2
BRDA:74,12,1,2
BRDA:74,13,0,4
BRDA:74,13,1,3
BRDA:80,14,0,2
BRDA:80,14,1,0
BRF:30
BRH:27
end_of_record
TN:
SF:controllers\profileController.js
FN:4,(anonymous_0)
FN:43,(anonymous_1)
FNF:2
FNH:2
FNDA:5,(anonymous_0)
FNDA:3,(anonymous_1)
DA:1,1
DA:5,5
DA:6,5
DA:7,5
DA:10,5
DA:11,1
DA:13,4
DA:14,1
DA:16,3
DA:17,0
DA:19,0
DA:20,0
DA:22,0
DA:23,0
DA:25,0
DA:26,0
DA:30,0
DA:31,0
DA:32,0
DA:35,0
DA:36,0
DA:39,3
DA:44,3
DA:45,3
DA:46,3
DA:48,1
DA:49,0
DA:52,1
DA:54,2
DA:59,1
LF:30
LH:17
BRDA:10,0,0,1
BRDA:10,0,1,4
BRDA:10,1,0,5
BRDA:10,1,1,4
BRDA:10,1,2,4
BRDA:13,2,0,1
BRDA:13,2,1,3
BRDA:13,3,0,4
BRDA:13,3,1,3
BRDA:16,4,0,0
BRDA:16,4,1,0
BRDA:19,5,0,0
BRDA:19,5,1,0
BRDA:19,6,0,0
BRDA:19,6,1,0
BRDA:22,7,0,0
BRDA:22,7,1,0
BRDA:22,8,0,0
BRDA:22,8,1,0
BRDA:25,9,0,0
BRDA:25,9,1,0
BRDA:25,10,0,0
BRDA:25,10,1,0
BRDA:25,10,2,0
BRDA:25,10,3,0
BRDA:31,11,0,0
BRDA:31,11,1,0
BRDA:48,12,0,0
BRDA:48,12,1,1
BRF:29
BRH:10
end_of_record
TN:
SF:middleware\authToken.jsx
FN:4,Auth
FNF:1
FNH:1
FNDA:3,Auth
DA:1,1
DA:2,1
DA:5,3
DA:6,3
DA:7,3
DA:9,3
DA:10,1
DA:13,2
DA:15,0
DA:17,0
DA:20,2
DA:21,2
DA:25,1
LF:13
LH:11
BRDA:9,0,0,1
BRDA:9,0,1,2
BRF:2
BRH:2
end_of_record
TN:
SF:models\fuelModel.js
FNF:0
FNH:0
DA:1,1
DA:3,1
DA:32,1
DA:34,1
LF:4
LH:4
BRF:0
BRH:0
end_of_record
TN:
SF:models\userModel.js
FNF:0
FNH:0
DA:1,1
DA:3,1
DA:14,1
DA:45,1
DA:46,1
DA:48,1
LF:6
LH:6
BRF:0
BRH:0
end_of_record
