TN:
SF:pricingModule.js
FN:2,(anonymous_0)
FNF:1
FNH:1
FNDA:8,(anonymous_0)
DA:3,8
DA:4,8
DA:5,8
DA:6,8
DA:7,8
DA:8,8
DA:10,8
DA:12,8
DA:14,8
DA:16,8
DA:20,0
DA:21,0
DA:26,1
LF:13
LH:11
BRDA:5,0,0,4
BRDA:5,0,1,4
BRDA:6,1,0,4
BRDA:6,1,1,4
BRDA:7,2,0,4
BRDA:7,2,1,4
BRF:6
BRH:6
end_of_record
TN:
SF:routes.js
FNF:0
FNH:0
DA:1,1
DA:2,1
DA:3,1
DA:4,1
DA:6,1
DA:7,1
DA:8,1
DA:10,1
DA:12,1
DA:15,1
LF:10
LH:10
BRF:0
BRH:0
end_of_record
TN:
SF:api\index.js
FN:10,(anonymous_0)
FN:16,(anonymous_1)
FNF:2
FNH:0
FNDA:0,(anonymous_0)
FNDA:0,(anonymous_1)
DA:1,1
DA:2,1
DA:3,1
DA:4,1
DA:5,1
DA:7,1
DA:8,1
DA:10,1
DA:11,0
DA:14,1
DA:16,1
DA:17,0
LF:12
LH:10
BRF:0
BRH:0
end_of_record
TN:
SF:controllers\fuelQuoteController.js
FN:4,(anonymous_0)
FN:34,(anonymous_1)
FNF:2
FNH:1
FNDA:2,(anonymous_0)
FNDA:0,(anonymous_1)
DA:1,1
DA:5,2
DA:6,2
DA:7,2
DA:8,2
DA:9,2
DA:10,2
DA:12,2
DA:13,1
DA:16,1
DA:25,1
DA:26,1
DA:29,0
DA:30,0
DA:40,1
LF:15
LH:13
BRDA:12,0,0,1
BRDA:12,0,1,1
BRDA:12,1,0,2
BRDA:12,1,1,2
BRF:4
BRH:4
end_of_record
TN:
SF:controllers\loginController.js
FN:5,(anonymous_0)
FN:43,(anonymous_1)
FN:86,(anonymous_2)
FNF:3
FNH:2
FNDA:8,(anonymous_0)
FNDA:5,(anonymous_1)
FNDA:0,(anonymous_2)
DA:1,1
DA:2,1
DA:6,8
DA:7,8
DA:8,8
DA:10,8
DA:11,1
DA:15,7
DA:16,3
DA:18,4
DA:19,3
DA:35,1
DA:38,0
DA:39,0
DA:44,5
DA:45,5
DA:46,5
DA:48,5
DA:49,1
DA:53,4
DA:54,2
DA:56,2
DA:57,2
DA:65,0
DA:67,0
DA:79,0
DA:82,0
DA:89,0
DA:93,1
LF:29
LH:22
BRDA:10,0,0,1
BRDA:10,0,1,7
BRDA:10,1,0,8
BRDA:10,1,1,7
BRDA:15,2,0,3
BRDA:15,2,1,4
BRDA:15,3,0,7
BRDA:15,3,1,5
BRDA:18,4,0,3
BRDA:18,4,1,1
BRDA:18,5,0,4
BRDA:18,5,1,2
BRDA:48,6,0,1
BRDA:48,6,1,4
BRDA:48,7,0,5
BRDA:48,7,1,4
BRDA:53,8,0,2
BRDA:53,8,1,2
BRDA:53,9,0,4
BRDA:53,9,1,3
BRDA:56,10,0,2
BRDA:56,10,1,0
BRDA:56,11,0,2
BRDA:56,11,1,1
BRF:24
BRH:23
end_of_record
TN:
SF:controllers\profileController.js
FN:2,(anonymous_0)
FNF:1
FNH:1
FNDA:7,(anonymous_0)
DA:3,7
DA:4,7
DA:5,7
DA:6,7
DA:7,7
DA:8,7
DA:9,7
DA:10,7
DA:13,7
DA:14,1
DA:16,5
DA:17,2
DA:19,3
DA:20,0
DA:22,3
DA:23,1
DA:25,2
DA:26,1
DA:28,1
DA:29,1
DA:32,0
DA:41,0
DA:42,0
DA:45,1
DA:50,1
LF:25
LH:21
BRDA:13,0,0,1
BRDA:13,0,1,5
BRDA:13,1,0,7
BRDA:13,1,1,6
BRDA:13,1,2,6
BRDA:16,2,0,2
BRDA:16,2,1,3
BRDA:16,3,0,5
BRDA:16,3,1,4
BRDA:19,4,0,0
BRDA:19,4,1,3
BRDA:22,5,0,1
BRDA:22,5,1,2
BRDA:22,6,0,3
BRDA:22,6,1,2
BRDA:25,7,0,1
BRDA:25,7,1,1
BRDA:25,8,0,2
BRDA:25,8,1,2
BRDA:28,9,0,1
BRDA:28,9,1,0
BRDA:28,10,0,1
BRDA:28,10,1,1
BRDA:28,10,2,1
BRDA:28,10,3,0
BRF:25
BRH:22
end_of_record
